2024-07-01 10:06:53 AM - INFO - (Step -1) : zephyra.py scripted started running
2024-07-01 10:07:42 AM - INFO - (Step -1) : zephyra.py scripted started running
2024-07-01 10:07:48 AM - INFO - (Step 0)  : All dependencies import complete
2024-07-01 10:07:51 AM - INFO - (Step 1)  : Tokeniser Loaded...
2024-07-01 10:07:52 AM - INFO - (Step 2)  : Tokenisation Complete...
2024-07-01 10:07:52 AM - INFO - (Step 3)  : Dataset builder Loaded...
2024-07-01 10:07:53 AM - INFO - (Step 4)  : Dataset builder Complete...
2024-07-01 10:07:53 AM - INFO - (Step 5)  : Loading model
2024-07-01 10:07:53 AM - INFO - (Step 6)  : Zephyra model loaded on cpu
2024-07-01 10:07:55 AM - INFO - (Step 7)  : Zephyra training started on a cpu
2024-07-01 10:07:55 AM - INFO - ----------------------------------------------------------------------------------------------------

2024-07-03 11:29:07 PM - INFO - (Step -1) : zephyra.py scripted started running
2024-07-03 11:30:05 PM - INFO - (Step -1) : zephyra.py scripted started running
2024-07-03 11:30:32 PM - INFO - (Step -1) : zephyra.py scripted started running
2024-07-03 11:30:55 PM - INFO - (Step -1) : zephyra.py scripted started running
2024-07-03 11:31:38 PM - INFO - (Step -1) : zephyra.py scripted started running
2024-07-03 11:31:40 PM - INFO - (Step 0)  : All dependencies import complete
2024-07-03 11:31:43 PM - INFO - (Step 1)  : Tokeniser Loaded...
2024-07-03 11:31:46 PM - INFO - (Step 2)  : Tokenisation Complete...
2024-07-03 11:31:46 PM - INFO - (Step 3)  : Dataset builder Loaded...
2024-07-03 11:31:47 PM - INFO - (Step 4)  : Dataset builder Complete...
2024-07-03 11:31:47 PM - INFO - (Step 5)  : Loading model
2024-07-03 11:31:47 PM - INFO - (Step 6)  : Zephyra model loaded on cpu
2024-07-03 11:31:49 PM - INFO - (Step 7)  : Zephyra training started on a cpu
2024-07-03 11:31:49 PM - INFO - ----------------------------------------------------------------------------------------------------

